<?xml version="1.0" encoding="UTF-8"?>
<testng-results skipped="0" failed="0" ignored="0" total="2" passed="2">
  <reporter-output>
  </reporter-output>
  <suite name="test" duration-ms="90837" started-at="2022-11-04T22:26:30 IST" finished-at="2022-11-04T22:28:01 IST">
    <groups>
    </groups>
    <test name="test" duration-ms="90837" started-at="2022-11-04T22:26:30 IST" finished-at="2022-11-04T22:28:01 IST">
      <class name="TestClass">
        <test-method status="PASS" signature="beforeSuite()[pri:0, instance:TestClass@51e2adc7]" name="beforeSuite" is-config="true" duration-ms="0" started-at="2022-11-04T22:26:30 IST" finished-at="2022-11-04T22:26:30 IST">
          <reporter-output>
          </reporter-output>
        </test-method> <!-- beforeSuite -->
        <test-method status="PASS" signature="beforeMethod(java.lang.reflect.Method)[pri:0, instance:TestClass@51e2adc7]" name="beforeMethod" is-config="true" duration-ms="31617" started-at="2022-11-04T22:26:30 IST" finished-at="2022-11-04T22:27:02 IST">
          <params>
            <param index="0">
              <value>
                <![CDATA[public void TestClass.testCountry()]]>
              </value>
            </param>
          </params>
          <reporter-output>
          </reporter-output>
        </test-method> <!-- beforeMethod -->
        <test-method status="PASS" signature="before()[pri:0, instance:TestClass@51e2adc7]" name="before" is-config="true" duration-ms="267" started-at="2022-11-04T22:27:02 IST" finished-at="2022-11-04T22:27:02 IST">
          <reporter-output>
          </reporter-output>
        </test-method> <!-- before -->
        <test-method status="PASS" signature="testCountry()[pri:0, instance:TestClass@51e2adc7]" name="testCountry" duration-ms="29586" started-at="2022-11-04T22:27:02 IST" finished-at="2022-11-04T22:27:32 IST">
          <reporter-output>
          </reporter-output>
        </test-method> <!-- testCountry -->
        <test-method status="PASS" signature="afterMethod()[pri:0, instance:TestClass@51e2adc7]" name="afterMethod" is-config="true" duration-ms="2098" started-at="2022-11-04T22:27:32 IST" finished-at="2022-11-04T22:27:34 IST">
          <reporter-output>
          </reporter-output>
        </test-method> <!-- afterMethod -->
        <test-method status="PASS" signature="beforeMethod(java.lang.reflect.Method)[pri:0, instance:TestClass@51e2adc7]" name="beforeMethod" is-config="true" duration-ms="2759" started-at="2022-11-04T22:27:34 IST" finished-at="2022-11-04T22:27:37 IST">
          <params>
            <param index="0">
              <value>
                <![CDATA[public void TestClass.testReleaseDate()]]>
              </value>
            </param>
          </params>
          <reporter-output>
          </reporter-output>
        </test-method> <!-- beforeMethod -->
        <test-method status="PASS" signature="before()[pri:0, instance:TestClass@51e2adc7]" name="before" is-config="true" duration-ms="2" started-at="2022-11-04T22:27:37 IST" finished-at="2022-11-04T22:27:37 IST">
          <reporter-output>
          </reporter-output>
        </test-method> <!-- before -->
        <test-method status="PASS" signature="testReleaseDate()[pri:0, instance:TestClass@51e2adc7]" name="testReleaseDate" duration-ms="23375" started-at="2022-11-04T22:27:37 IST" finished-at="2022-11-04T22:28:00 IST">
          <reporter-output>
          </reporter-output>
        </test-method> <!-- testReleaseDate -->
        <test-method status="PASS" signature="afterMethod()[pri:0, instance:TestClass@51e2adc7]" name="afterMethod" is-config="true" duration-ms="1065" started-at="2022-11-04T22:28:00 IST" finished-at="2022-11-04T22:28:01 IST">
          <reporter-output>
          </reporter-output>
        </test-method> <!-- afterMethod -->
      </class> <!-- TestClass -->
    </test> <!-- test -->
  </suite> <!-- test -->
</testng-results>
